0 info it worked if it ends with ok
1 verbose cli [
1 verbose cli   'C:\\Program Files\\nodejs\\node.exe',
1 verbose cli   'C:\\Program Files\\nodejs\\node_modules\\npm\\bin\\npm-cli.js',
1 verbose cli   'run',
1 verbose cli   'start'
1 verbose cli ]
2 info using npm@6.11.3
3 info using node@v12.12.0
4 verbose stack Error: missing script: start
4 verbose stack     at run (C:\Program Files\nodejs\node_modules\npm\lib\run-script.js:155:19)
4 verbose stack     at C:\Program Files\nodejs\node_modules\npm\lib\run-script.js:63:5
4 verbose stack     at C:\Program Files\nodejs\node_modules\npm\node_modules\read-package-json\read-json.js:116:5
4 verbose stack     at C:\Program Files\nodejs\node_modules\npm\node_modules\read-package-json\read-json.js:435:5
4 verbose stack     at checkBinReferences_ (C:\Program Files\nodejs\node_modules\npm\node_modules\read-package-json\read-json.js:391:45)
4 verbose stack     at final (C:\Program Files\nodejs\node_modules\npm\node_modules\read-package-json\read-json.js:433:3)
4 verbose stack     at then (C:\Program Files\nodejs\node_modules\npm\node_modules\read-package-json\read-json.js:161:5)
4 verbose stack     at ReadFileContext.<anonymous> (C:\Program Files\nodejs\node_modules\npm\node_modules\read-package-json\read-json.js:350:20)
4 verbose stack     at ReadFileContext.callback (C:\Program Files\nodejs\node_modules\npm\node_modules\graceful-fs\graceful-fs.js:115:16)
4 verbose stack     at FSReqCallback.readFileAfterOpen [as oncomplete] (fs.js:239:13)
5 verbose cwd D:\hexo\jicaiseTest
6 verbose Windows_NT 10.0.19042
7 verbose argv "C:\\Program Files\\nodejs\\node.exe" "C:\\Program Files\\nodejs\\node_modules\\npm\\bin\\npm-cli.js" "run" "start"
8 verbose node v12.12.0
9 verbose npm  v6.11.3
10 error missing script: start
11 verbose exit [ 1, true ]
